2025-11-24T18:47:37:    ▲ Next.js 16.0.1
2025-11-24T18:47:37:    - Local:        http://localhost:3003
2025-11-24T18:47:37:    - Network:      http://82.25.79.12:3003
2025-11-24T18:47:37: 
2025-11-24T18:47:37:  ✓ Starting...
2025-11-24T18:47:38:  ✓ Ready in 512ms
2025-11-24T19:06:02:    ▲ Next.js 16.0.1
2025-11-24T19:06:02:    - Local:        http://localhost:3003
2025-11-24T19:06:02:    - Network:      http://82.25.79.12:3003
2025-11-24T19:06:02: 
2025-11-24T19:06:02:  ✓ Starting...
2025-11-24T19:06:02:  ✓ Ready in 577ms
2025-11-24T19:29:53:    ▲ Next.js 16.0.1
2025-11-24T19:29:53:    - Local:        http://localhost:3003
2025-11-24T19:29:53:    - Network:      http://82.25.79.12:3003
2025-11-24T19:29:53: 
2025-11-24T19:29:53:  ✓ Starting...
2025-11-24T19:29:53:  ✓ Ready in 533ms
2025-11-24T20:13:40:    ▲ Next.js 16.0.1
2025-11-24T20:13:40:    - Local:        http://localhost:3003
2025-11-24T20:13:40:    - Network:      http://82.25.79.12:3003
2025-11-24T20:13:40: 
2025-11-24T20:13:40:  ✓ Starting...
2025-11-24T20:13:41:  ✓ Ready in 554ms
